[Time: 08:32 AM # Date: 20/03/2023] [INFO ] [File: org.example.Main # Line: 10] --> Starting the Calculator Application.
[Time: 08:32 AM # Date: 20/03/2023] [INFO ] [File: org.example.Main # Line: 29] --> User's choice is: 1
[Time: 08:32 AM # Date: 20/03/2023] [INFO ] [File: org.example.Main # Line: 40] --> Using square root function...
[Time: 08:32 AM # Date: 20/03/2023] [INFO ] [File: org.example.Main # Line: 44] --> User's input for square root: 2.0
[Time: 08:32 AM # Date: 20/03/2023] [INFO ] [File: org.example.Main # Line: 128] --> Result: 2.0^0.5 = 1.4142135623730951.
[Time: 08:32 AM # Date: 20/03/2023] [INFO ] [File: org.example.Main # Line: 29] --> User's choice is: 3
[Time: 08:32 AM # Date: 20/03/2023] [INFO ] [File: org.example.Main # Line: 66] --> Using the natural log function...
[Time: 08:32 AM # Date: 20/03/2023] [INFO ] [File: org.example.Main # Line: 70] --> User's input for square root: 12.0
[Time: 08:32 AM # Date: 20/03/2023] [INFO ] [File: org.example.Main # Line: 111] --> Result: log(12.0) = 2.4849066497880004.
[Time: 08:32 AM # Date: 20/03/2023] [INFO ] [File: org.example.Main # Line: 29] --> User's choice is: 6
[Time: 08:32 AM # Date: 20/03/2023] [DEBUG] [File: org.example.Main # Line: 94] --> User is exiting the calculator application.
[Time: 08:33 AM # Date: 20/03/2023] [INFO ] [File: org.example.Main # Line: 10] --> Starting the Calculator Application.
[Time: 11:14 AM # Date: 20/03/2023] [INFO ] [File: org.example.Main # Line: 10] --> Starting the Calculator Application.
[Time: 11:14 AM # Date: 20/03/2023] [INFO ] [File: org.example.Main # Line: 29] --> User's choice is: 1
[Time: 11:14 AM # Date: 20/03/2023] [INFO ] [File: org.example.Main # Line: 36] --> Using square root function...
[Time: 11:14 AM # Date: 20/03/2023] [ERROR] [File: org.example.Main # Line: 42] --> Exception while taking input: null
[Time: 11:14 AM # Date: 20/03/2023] [INFO ] [File: org.example.Main # Line: 124] --> Result: 0.0^0.5 = 0.0.
[Time: 11:16 AM # Date: 20/03/2023] [INFO ] [File: org.example.Main # Line: 105] --> Result: 1.0! = 1.0.
[Time: 11:16 AM # Date: 20/03/2023] [INFO ] [File: org.example.Main # Line: 105] --> Result: 2.0! = 2.0.
[Time: 11:16 AM # Date: 20/03/2023] [INFO ] [File: org.example.Main # Line: 105] --> Result: 3.0! = 6.0.
[Time: 11:16 AM # Date: 20/03/2023] [INFO ] [File: org.example.Main # Line: 105] --> Result: 4.0! = 24.0.
[Time: 11:16 AM # Date: 20/03/2023] [INFO ] [File: org.example.Main # Line: 105] --> Result: 5.0! = 120.0.
[Time: 11:16 AM # Date: 20/03/2023] [INFO ] [File: org.example.Main # Line: 112] --> Result: 16.0^0.5 = 4.0.
[Time: 11:16 AM # Date: 20/03/2023] [INFO ] [File: org.example.Main # Line: 112] --> Result: 4.0^0.5 = 2.0.
[Time: 11:16 AM # Date: 20/03/2023] [INFO ] [File: org.example.Main # Line: 112] --> Result: 9.0^0.5 = 3.0.
[Time: 11:16 AM # Date: 20/03/2023] [INFO ] [File: org.example.Main # Line: 112] --> Result: 25.0^0.5 = 5.0.
[Time: 11:16 AM # Date: 20/03/2023] [INFO ] [File: org.example.Main # Line: 112] --> Result: 36.0^0.5 = 6.0.
[Time: 11:16 AM # Date: 20/03/2023] [INFO ] [File: org.example.Main # Line: 95] --> Result: log(2.0) = 0.6931471805599453.
[Time: 11:16 AM # Date: 20/03/2023] [INFO ] [File: org.example.Main # Line: 95] --> Result: log(3.0) = 1.0986122886681098.
[Time: 11:16 AM # Date: 20/03/2023] [INFO ] [File: org.example.Main # Line: 95] --> Result: log(4.0) = 1.3862943611198906.
[Time: 11:16 AM # Date: 20/03/2023] [INFO ] [File: org.example.Main # Line: 95] --> Result: log(5.0) = 1.6094379124341003.
[Time: 11:16 AM # Date: 20/03/2023] [INFO ] [File: org.example.Main # Line: 95] --> Result: log(6.0) = 1.791759469228055.
[Time: 11:16 AM # Date: 20/03/2023] [INFO ] [File: org.example.Main # Line: 112] --> Result: 16.0^0.5 = 4.0.
[Time: 11:16 AM # Date: 20/03/2023] [INFO ] [File: org.example.Main # Line: 112] --> Result: 4.0^0.5 = 2.0.
[Time: 11:16 AM # Date: 20/03/2023] [INFO ] [File: org.example.Main # Line: 112] --> Result: 9.0^0.5 = 3.0.
[Time: 11:16 AM # Date: 20/03/2023] [INFO ] [File: org.example.Main # Line: 112] --> Result: 25.0^0.5 = 5.0.
[Time: 11:16 AM # Date: 20/03/2023] [INFO ] [File: org.example.Main # Line: 112] --> Result: 36.0^0.5 = 6.0.
[Time: 11:16 AM # Date: 20/03/2023] [INFO ] [File: org.example.Main # Line: 95] --> Result: log(2.0) = 0.6931471805599453.
[Time: 11:16 AM # Date: 20/03/2023] [INFO ] [File: org.example.Main # Line: 95] --> Result: log(3.0) = 1.0986122886681098.
[Time: 11:16 AM # Date: 20/03/2023] [INFO ] [File: org.example.Main # Line: 95] --> Result: log(4.0) = 1.3862943611198906.
[Time: 11:16 AM # Date: 20/03/2023] [INFO ] [File: org.example.Main # Line: 95] --> Result: log(5.0) = 1.6094379124341003.
[Time: 11:16 AM # Date: 20/03/2023] [INFO ] [File: org.example.Main # Line: 95] --> Result: log(6.0) = 1.791759469228055.
[Time: 11:16 AM # Date: 20/03/2023] [INFO ] [File: org.example.Main # Line: 105] --> Result: 1.0! = 1.0.
[Time: 11:16 AM # Date: 20/03/2023] [INFO ] [File: org.example.Main # Line: 105] --> Result: 2.0! = 2.0.
[Time: 11:16 AM # Date: 20/03/2023] [INFO ] [File: org.example.Main # Line: 105] --> Result: 3.0! = 6.0.
[Time: 11:16 AM # Date: 20/03/2023] [INFO ] [File: org.example.Main # Line: 105] --> Result: 4.0! = 24.0.
[Time: 11:16 AM # Date: 20/03/2023] [INFO ] [File: org.example.Main # Line: 105] --> Result: 5.0! = 120.0.
[Time: 11:16 AM # Date: 20/03/2023] [INFO ] [File: org.example.Main # Line: 88] --> Result: 1.0^2.0 = 1.0.
[Time: 11:16 AM # Date: 20/03/2023] [INFO ] [File: org.example.Main # Line: 88] --> Result: 2.0^2.0 = 4.0.
[Time: 11:16 AM # Date: 20/03/2023] [INFO ] [File: org.example.Main # Line: 88] --> Result: 3.0^2.0 = 9.0.
[Time: 11:16 AM # Date: 20/03/2023] [INFO ] [File: org.example.Main # Line: 88] --> Result: 4.0^2.0 = 16.0.
[Time: 11:16 AM # Date: 20/03/2023] [INFO ] [File: org.example.Main # Line: 88] --> Result: 5.0^2.0 = 25.0.
[Time: 11:16 AM # Date: 20/03/2023] [INFO ] [File: org.example.Main # Line: 88] --> Result: 1.0^2.0 = 1.0.
[Time: 11:16 AM # Date: 20/03/2023] [INFO ] [File: org.example.Main # Line: 88] --> Result: 2.0^2.0 = 4.0.
[Time: 11:16 AM # Date: 20/03/2023] [INFO ] [File: org.example.Main # Line: 88] --> Result: 3.0^2.0 = 9.0.
[Time: 11:16 AM # Date: 20/03/2023] [INFO ] [File: org.example.Main # Line: 88] --> Result: 4.0^2.0 = 16.0.
[Time: 11:16 AM # Date: 20/03/2023] [INFO ] [File: org.example.Main # Line: 88] --> Result: 5.0^2.0 = 25.0.
[Time: 11:22 AM # Date: 20/03/2023] [INFO ] [File: org.example.Main # Line: 105] --> Result: 1.0! = 1.0.
[Time: 11:22 AM # Date: 20/03/2023] [INFO ] [File: org.example.Main # Line: 105] --> Result: 2.0! = 2.0.
[Time: 11:22 AM # Date: 20/03/2023] [INFO ] [File: org.example.Main # Line: 105] --> Result: 3.0! = 6.0.
[Time: 11:22 AM # Date: 20/03/2023] [INFO ] [File: org.example.Main # Line: 105] --> Result: 4.0! = 24.0.
[Time: 11:22 AM # Date: 20/03/2023] [INFO ] [File: org.example.Main # Line: 105] --> Result: 5.0! = 120.0.
[Time: 11:22 AM # Date: 20/03/2023] [INFO ] [File: org.example.Main # Line: 112] --> Result: 16.0^0.5 = 4.0.
[Time: 11:22 AM # Date: 20/03/2023] [INFO ] [File: org.example.Main # Line: 112] --> Result: 4.0^0.5 = 2.0.
[Time: 11:22 AM # Date: 20/03/2023] [INFO ] [File: org.example.Main # Line: 112] --> Result: 9.0^0.5 = 3.0.
[Time: 11:22 AM # Date: 20/03/2023] [INFO ] [File: org.example.Main # Line: 112] --> Result: 25.0^0.5 = 5.0.
[Time: 11:22 AM # Date: 20/03/2023] [INFO ] [File: org.example.Main # Line: 112] --> Result: 36.0^0.5 = 6.0.
[Time: 11:22 AM # Date: 20/03/2023] [INFO ] [File: org.example.Main # Line: 95] --> Result: log(2.0) = 0.6931471805599453.
[Time: 11:22 AM # Date: 20/03/2023] [INFO ] [File: org.example.Main # Line: 95] --> Result: log(3.0) = 1.0986122886681098.
[Time: 11:22 AM # Date: 20/03/2023] [INFO ] [File: org.example.Main # Line: 95] --> Result: log(4.0) = 1.3862943611198906.
[Time: 11:22 AM # Date: 20/03/2023] [INFO ] [File: org.example.Main # Line: 95] --> Result: log(5.0) = 1.6094379124341003.
[Time: 11:22 AM # Date: 20/03/2023] [INFO ] [File: org.example.Main # Line: 95] --> Result: log(6.0) = 1.791759469228055.
[Time: 11:22 AM # Date: 20/03/2023] [INFO ] [File: org.example.Main # Line: 112] --> Result: 16.0^0.5 = 4.0.
[Time: 11:22 AM # Date: 20/03/2023] [INFO ] [File: org.example.Main # Line: 112] --> Result: 4.0^0.5 = 2.0.
[Time: 11:22 AM # Date: 20/03/2023] [INFO ] [File: org.example.Main # Line: 112] --> Result: 9.0^0.5 = 3.0.
[Time: 11:22 AM # Date: 20/03/2023] [INFO ] [File: org.example.Main # Line: 112] --> Result: 25.0^0.5 = 5.0.
[Time: 11:22 AM # Date: 20/03/2023] [INFO ] [File: org.example.Main # Line: 112] --> Result: 36.0^0.5 = 6.0.
[Time: 11:22 AM # Date: 20/03/2023] [INFO ] [File: org.example.Main # Line: 95] --> Result: log(2.0) = 0.6931471805599453.
[Time: 11:22 AM # Date: 20/03/2023] [INFO ] [File: org.example.Main # Line: 95] --> Result: log(3.0) = 1.0986122886681098.
[Time: 11:22 AM # Date: 20/03/2023] [INFO ] [File: org.example.Main # Line: 95] --> Result: log(4.0) = 1.3862943611198906.
[Time: 11:22 AM # Date: 20/03/2023] [INFO ] [File: org.example.Main # Line: 95] --> Result: log(5.0) = 1.6094379124341003.
[Time: 11:22 AM # Date: 20/03/2023] [INFO ] [File: org.example.Main # Line: 95] --> Result: log(6.0) = 1.791759469228055.
[Time: 11:22 AM # Date: 20/03/2023] [INFO ] [File: org.example.Main # Line: 105] --> Result: 1.0! = 1.0.
[Time: 11:22 AM # Date: 20/03/2023] [INFO ] [File: org.example.Main # Line: 105] --> Result: 2.0! = 2.0.
[Time: 11:22 AM # Date: 20/03/2023] [INFO ] [File: org.example.Main # Line: 105] --> Result: 3.0! = 6.0.
[Time: 11:22 AM # Date: 20/03/2023] [INFO ] [File: org.example.Main # Line: 105] --> Result: 4.0! = 24.0.
[Time: 11:22 AM # Date: 20/03/2023] [INFO ] [File: org.example.Main # Line: 105] --> Result: 5.0! = 120.0.
[Time: 11:22 AM # Date: 20/03/2023] [INFO ] [File: org.example.Main # Line: 88] --> Result: 1.0^2.0 = 1.0.
[Time: 11:22 AM # Date: 20/03/2023] [INFO ] [File: org.example.Main # Line: 88] --> Result: 2.0^2.0 = 4.0.
[Time: 11:22 AM # Date: 20/03/2023] [INFO ] [File: org.example.Main # Line: 88] --> Result: 3.0^2.0 = 9.0.
[Time: 11:22 AM # Date: 20/03/2023] [INFO ] [File: org.example.Main # Line: 88] --> Result: 4.0^2.0 = 16.0.
[Time: 11:22 AM # Date: 20/03/2023] [INFO ] [File: org.example.Main # Line: 88] --> Result: 5.0^2.0 = 25.0.
[Time: 11:22 AM # Date: 20/03/2023] [INFO ] [File: org.example.Main # Line: 88] --> Result: 1.0^2.0 = 1.0.
[Time: 11:22 AM # Date: 20/03/2023] [INFO ] [File: org.example.Main # Line: 88] --> Result: 2.0^2.0 = 4.0.
[Time: 11:22 AM # Date: 20/03/2023] [INFO ] [File: org.example.Main # Line: 88] --> Result: 3.0^2.0 = 9.0.
[Time: 11:22 AM # Date: 20/03/2023] [INFO ] [File: org.example.Main # Line: 88] --> Result: 4.0^2.0 = 16.0.
[Time: 11:22 AM # Date: 20/03/2023] [INFO ] [File: org.example.Main # Line: 88] --> Result: 5.0^2.0 = 25.0.
